c:\code\learn_cpp\learn_cpp_1\learn_cpp_1\x64\debug\vc143.pdb
c:\code\learn_cpp\learn_cpp_1\learn_cpp_1\x64\debug\vc143.idb
c:\code\learn_cpp\learn_cpp_1\learn_cpp_1\x64\debug\add.nativecodeanalysis.sarif
c:\code\learn_cpp\learn_cpp_1\learn_cpp_1\x64\debug\add.nativecodeanalysis.xml
c:\code\learn_cpp\learn_cpp_1\learn_cpp_1\x64\debug\main.nativecodeanalysis.sarif
c:\code\learn_cpp\learn_cpp_1\learn_cpp_1\x64\debug\main.nativecodeanalysis.xml
c:\code\learn_cpp\learn_cpp_1\learn_cpp_1\x64\debug\main.obj
c:\code\learn_cpp\learn_cpp_1\learn_cpp_1\x64\debug\add.obj
c:\code\learn_cpp\learn_cpp_1\x64\debug\learn_cpp_1.exe
c:\code\learn_cpp\learn_cpp_1\x64\debug\learn_cpp_1.pdb
c:\code\learn_cpp\learn_cpp_1\learn_cpp_1\x64\debug\learn_cpp_1.ilk
c:\code\learn_cpp\learn_cpp_1\learn_cpp_1\x64\debug\vc.nativecodeanalysis.all.xml
c:\code\learn_cpp\learn_cpp_1\learn_cpp_1\x64\debug\learn_cpp_1.tlog\cl.command.1.tlog
c:\code\learn_cpp\learn_cpp_1\learn_cpp_1\x64\debug\learn_cpp_1.tlog\cl.items.tlog
c:\code\learn_cpp\learn_cpp_1\learn_cpp_1\x64\debug\learn_cpp_1.tlog\cl.read.1.tlog
c:\code\learn_cpp\learn_cpp_1\learn_cpp_1\x64\debug\learn_cpp_1.tlog\cl.write.1.tlog
c:\code\learn_cpp\learn_cpp_1\learn_cpp_1\x64\debug\learn_cpp_1.tlog\link.command.1.tlog
c:\code\learn_cpp\learn_cpp_1\learn_cpp_1\x64\debug\learn_cpp_1.tlog\link.read.1.tlog
c:\code\learn_cpp\learn_cpp_1\learn_cpp_1\x64\debug\learn_cpp_1.tlog\link.secondary.1.tlog
c:\code\learn_cpp\learn_cpp_1\learn_cpp_1\x64\debug\learn_cpp_1.tlog\link.write.1.tlog
